<?xml version="1.0" encoding="UTF-8"?>
<!-- Generated by org.testng.reporters.JUnitXMLReporter -->
<testsuite ignored="1" hostname="LAPTOP-T0GNIEM2" failures="0" tests="1" name="Default test" time="97.376" errors="0" timestamp="27 Feb 2024 18:23:21 GMT">
  <testcase classname="mercuryTravels.qa.testcases.SeatBookingPageTest" name="validateSeatPricing" time="76.32"/>
  <testcase classname="mercuryTravels.qa.testcases.SeatBookingPageTest" name="clickOnFlights" time="0.0">
    <ignored/>
  </testcase> <!-- clickOnFlights -->
</testsuite> <!-- Default test -->
